  teacher.cpp
c:\users\11794\desktop\学生成绩管理系统\学生成绩管理系统（3\学生成绩管理系统\学生成绩管理系统\teacher.cpp(54): warning C4018: “<”: 有符号/无符号不匹配
c:\users\11794\desktop\学生成绩管理系统\学生成绩管理系统（3\学生成绩管理系统\学生成绩管理系统\teacher.cpp(70): warning C4018: “<”: 有符号/无符号不匹配
c:\users\11794\desktop\学生成绩管理系统\学生成绩管理系统（3\学生成绩管理系统\学生成绩管理系统\teacher.cpp(117): warning C4018: “<”: 有符号/无符号不匹配
c:\users\11794\desktop\学生成绩管理系统\学生成绩管理系统（3\学生成绩管理系统\学生成绩管理系统\teacher.cpp(164): warning C4018: “<”: 有符号/无符号不匹配
c:\users\11794\desktop\学生成绩管理系统\学生成绩管理系统（3\学生成绩管理系统\学生成绩管理系统\teacher.cpp(165): warning C4018: “<”: 有符号/无符号不匹配
c:\users\11794\desktop\学生成绩管理系统\学生成绩管理系统（3\学生成绩管理系统\学生成绩管理系统\teacher.cpp(172): warning C4018: “<”: 有符号/无符号不匹配
c:\users\11794\desktop\学生成绩管理系统\学生成绩管理系统（3\学生成绩管理系统\学生成绩管理系统\teacher.cpp(173): warning C4018: “<”: 有符号/无符号不匹配
c:\users\11794\desktop\学生成绩管理系统\学生成绩管理系统（3\学生成绩管理系统\学生成绩管理系统\teacher.cpp(175): warning C4018: “<”: 有符号/无符号不匹配
c:\users\11794\desktop\学生成绩管理系统\学生成绩管理系统（3\学生成绩管理系统\学生成绩管理系统\teacher.cpp(142): warning C4101: “k”: 未引用的局部变量
c:\users\11794\desktop\学生成绩管理系统\学生成绩管理系统（3\学生成绩管理系统\学生成绩管理系统\teacher.cpp(142): warning C4101: “j”: 未引用的局部变量
c:\users\11794\desktop\学生成绩管理系统\学生成绩管理系统（3\学生成绩管理系统\学生成绩管理系统\teacher.cpp(142): warning C4101: “i”: 未引用的局部变量
c:\users\11794\desktop\学生成绩管理系统\学生成绩管理系统（3\学生成绩管理系统\学生成绩管理系统\teacher.cpp(219): warning C4018: “<”: 有符号/无符号不匹配
c:\users\11794\desktop\学生成绩管理系统\学生成绩管理系统（3\学生成绩管理系统\学生成绩管理系统\teacher.cpp(221): warning C4018: “<”: 有符号/无符号不匹配
c:\users\11794\desktop\学生成绩管理系统\学生成绩管理系统（3\学生成绩管理系统\学生成绩管理系统\teacher.cpp(230): warning C4018: “<”: 有符号/无符号不匹配
c:\users\11794\desktop\学生成绩管理系统\学生成绩管理系统（3\学生成绩管理系统\学生成绩管理系统\teacher.cpp(232): warning C4018: “<”: 有符号/无符号不匹配
c:\users\11794\desktop\学生成绩管理系统\学生成绩管理系统（3\学生成绩管理系统\学生成绩管理系统\teacher.cpp(234): warning C4018: “<”: 有符号/无符号不匹配
c:\users\11794\desktop\学生成绩管理系统\学生成绩管理系统（3\学生成绩管理系统\学生成绩管理系统\teacher.cpp(247): warning C4018: “<”: 有符号/无符号不匹配
c:\users\11794\desktop\学生成绩管理系统\学生成绩管理系统（3\学生成绩管理系统\学生成绩管理系统\teacher.cpp(211): warning C4101: “k”: 未引用的局部变量
c:\users\11794\desktop\学生成绩管理系统\学生成绩管理系统（3\学生成绩管理系统\学生成绩管理系统\teacher.cpp(211): warning C4101: “j”: 未引用的局部变量
c:\users\11794\desktop\学生成绩管理系统\学生成绩管理系统（3\学生成绩管理系统\学生成绩管理系统\teacher.cpp(211): warning C4101: “i”: 未引用的局部变量
c:\users\11794\desktop\学生成绩管理系统\学生成绩管理系统（3\学生成绩管理系统\学生成绩管理系统\teacher.cpp(280): warning C4018: “<”: 有符号/无符号不匹配
c:\users\11794\desktop\学生成绩管理系统\学生成绩管理系统（3\学生成绩管理系统\学生成绩管理系统\teacher.cpp(281): warning C4018: “<”: 有符号/无符号不匹配
c:\users\11794\desktop\学生成绩管理系统\学生成绩管理系统（3\学生成绩管理系统\学生成绩管理系统\teacher.cpp(287): warning C4018: “<”: 有符号/无符号不匹配
c:\users\11794\desktop\学生成绩管理系统\学生成绩管理系统（3\学生成绩管理系统\学生成绩管理系统\teacher.cpp(288): warning C4018: “<”: 有符号/无符号不匹配
c:\users\11794\desktop\学生成绩管理系统\学生成绩管理系统（3\学生成绩管理系统\学生成绩管理系统\teacher.cpp(314): warning C4018: “<”: 有符号/无符号不匹配
c:\users\11794\desktop\学生成绩管理系统\学生成绩管理系统（3\学生成绩管理系统\学生成绩管理系统\teacher.cpp(331): warning C4018: “<”: 有符号/无符号不匹配
c:\users\11794\desktop\学生成绩管理系统\学生成绩管理系统（3\学生成绩管理系统\学生成绩管理系统\teacher.cpp(333): warning C4018: “<”: 有符号/无符号不匹配
c:\users\11794\desktop\学生成绩管理系统\学生成绩管理系统（3\学生成绩管理系统\学生成绩管理系统\teacher.cpp(335): warning C4018: “<”: 有符号/无符号不匹配
c:\users\11794\desktop\学生成绩管理系统\学生成绩管理系统（3\学生成绩管理系统\学生成绩管理系统\teacher.cpp(348): warning C4018: “<”: 有符号/无符号不匹配
c:\users\11794\desktop\学生成绩管理系统\学生成绩管理系统（3\学生成绩管理系统\学生成绩管理系统\teacher.cpp(350): warning C4018: “<”: 有符号/无符号不匹配
c:\users\11794\desktop\学生成绩管理系统\学生成绩管理系统（3\学生成绩管理系统\学生成绩管理系统\teacher.cpp(277): warning C4101: “y”: 未引用的局部变量
c:\users\11794\desktop\学生成绩管理系统\学生成绩管理系统（3\学生成绩管理系统\学生成绩管理系统\teacher.cpp(391): warning C4018: “<”: 有符号/无符号不匹配
c:\users\11794\desktop\学生成绩管理系统\学生成绩管理系统（3\学生成绩管理系统\学生成绩管理系统\teacher.cpp(424): warning C4018: “<”: 有符号/无符号不匹配
c:\users\11794\desktop\学生成绩管理系统\学生成绩管理系统（3\学生成绩管理系统\学生成绩管理系统\teacher.cpp(475): warning C4018: “<”: 有符号/无符号不匹配
c:\users\11794\desktop\学生成绩管理系统\学生成绩管理系统（3\学生成绩管理系统\学生成绩管理系统\teacher.cpp(476): warning C4018: “<”: 有符号/无符号不匹配
c:\users\11794\desktop\学生成绩管理系统\学生成绩管理系统（3\学生成绩管理系统\学生成绩管理系统\teacher.cpp(579): warning C4018: “<”: 有符号/无符号不匹配
c:\users\11794\desktop\学生成绩管理系统\学生成绩管理系统（3\学生成绩管理系统\学生成绩管理系统\teacher.cpp(592): warning C4018: “<”: 有符号/无符号不匹配
c:\users\11794\desktop\学生成绩管理系统\学生成绩管理系统（3\学生成绩管理系统\学生成绩管理系统\teacher.cpp(610): warning C4018: “<”: 有符号/无符号不匹配
c:\users\11794\desktop\学生成绩管理系统\学生成绩管理系统（3\学生成绩管理系统\学生成绩管理系统\teacher.cpp(623): warning C4018: “<”: 有符号/无符号不匹配
c:\users\11794\desktop\学生成绩管理系统\学生成绩管理系统（3\学生成绩管理系统\学生成绩管理系统\teacher.cpp(641): warning C4018: “<”: 有符号/无符号不匹配
c:\users\11794\desktop\学生成绩管理系统\学生成绩管理系统（3\学生成绩管理系统\学生成绩管理系统\teacher.cpp(644): warning C4018: “<”: 有符号/无符号不匹配
c:\users\11794\desktop\学生成绩管理系统\学生成绩管理系统（3\学生成绩管理系统\学生成绩管理系统\teacher.cpp(652): warning C4018: “<”: 有符号/无符号不匹配
c:\users\11794\desktop\学生成绩管理系统\学生成绩管理系统（3\学生成绩管理系统\学生成绩管理系统\teacher.cpp(655): warning C4018: “<”: 有符号/无符号不匹配
c:\users\11794\desktop\学生成绩管理系统\学生成绩管理系统（3\学生成绩管理系统\学生成绩管理系统\teacher.cpp(668): warning C4018: “<”: 有符号/无符号不匹配
c:\users\11794\desktop\学生成绩管理系统\学生成绩管理系统（3\学生成绩管理系统\学生成绩管理系统\teacher.cpp(717): warning C4018: “<”: 有符号/无符号不匹配
c:\users\11794\desktop\学生成绩管理系统\学生成绩管理系统（3\学生成绩管理系统\学生成绩管理系统\teacher.cpp(748): warning C4018: “<”: 有符号/无符号不匹配
c:\users\11794\desktop\学生成绩管理系统\学生成绩管理系统（3\学生成绩管理系统\学生成绩管理系统\teacher.cpp(788): warning C4018: “<”: 有符号/无符号不匹配
c:\users\11794\desktop\学生成绩管理系统\学生成绩管理系统（3\学生成绩管理系统\学生成绩管理系统\teacher.cpp(815): warning C4018: “<”: 有符号/无符号不匹配
c:\users\11794\desktop\学生成绩管理系统\学生成绩管理系统（3\学生成绩管理系统\学生成绩管理系统\teacher.cpp(824): warning C4018: “<”: 有符号/无符号不匹配
c:\users\11794\desktop\学生成绩管理系统\学生成绩管理系统（3\学生成绩管理系统\学生成绩管理系统\teacher.cpp(848): warning C4018: “<”: 有符号/无符号不匹配
c:\users\11794\desktop\学生成绩管理系统\学生成绩管理系统（3\学生成绩管理系统\学生成绩管理系统\teacher.cpp(867): warning C4018: “<”: 有符号/无符号不匹配
c:\users\11794\desktop\学生成绩管理系统\学生成绩管理系统（3\学生成绩管理系统\学生成绩管理系统\teacher.cpp(913): warning C4018: “<”: 有符号/无符号不匹配
c:\users\11794\desktop\学生成绩管理系统\学生成绩管理系统（3\学生成绩管理系统\学生成绩管理系统\teacher.cpp(939): warning C4101: “i”: 未引用的局部变量
c:\users\11794\desktop\学生成绩管理系统\学生成绩管理系统（3\学生成绩管理系统\学生成绩管理系统\teacher.cpp(1007): warning C4018: “<”: 有符号/无符号不匹配
c:\users\11794\desktop\学生成绩管理系统\学生成绩管理系统（3\学生成绩管理系统\学生成绩管理系统\teacher.cpp(1059): warning C4018: “<”: 有符号/无符号不匹配
c:\users\11794\desktop\学生成绩管理系统\学生成绩管理系统（3\学生成绩管理系统\学生成绩管理系统\teacher.cpp(1139): warning C4018: “<”: 有符号/无符号不匹配
c:\users\11794\desktop\学生成绩管理系统\学生成绩管理系统（3\学生成绩管理系统\学生成绩管理系统\teacher.cpp(1159): warning C4018: “<”: 有符号/无符号不匹配
c:\users\11794\desktop\学生成绩管理系统\学生成绩管理系统（3\学生成绩管理系统\学生成绩管理系统\teacher.cpp(1166): warning C4018: “<”: 有符号/无符号不匹配
c:\users\11794\desktop\学生成绩管理系统\学生成绩管理系统（3\学生成绩管理系统\学生成绩管理系统\teacher.cpp(1195): warning C4018: “<”: 有符号/无符号不匹配
c:\users\11794\desktop\学生成绩管理系统\学生成绩管理系统（3\学生成绩管理系统\学生成绩管理系统\teacher.cpp(1207): warning C4018: “<”: 有符号/无符号不匹配
c:\users\11794\desktop\学生成绩管理系统\学生成绩管理系统（3\学生成绩管理系统\学生成绩管理系统\teacher.cpp(1208): warning C4018: “<”: 有符号/无符号不匹配
c:\users\11794\desktop\学生成绩管理系统\学生成绩管理系统（3\学生成绩管理系统\学生成绩管理系统\teacher.cpp(1235): warning C4018: “<”: 有符号/无符号不匹配
  student.cpp
c:\users\11794\desktop\学生成绩管理系统\学生成绩管理系统（3\学生成绩管理系统\学生成绩管理系统\student.cpp(50): warning C4018: “<”: 有符号/无符号不匹配
c:\users\11794\desktop\学生成绩管理系统\学生成绩管理系统（3\学生成绩管理系统\学生成绩管理系统\student.cpp(103): warning C4018: “<”: 有符号/无符号不匹配
c:\users\11794\desktop\学生成绩管理系统\学生成绩管理系统（3\学生成绩管理系统\学生成绩管理系统\student.cpp(141): warning C4018: “<”: 有符号/无符号不匹配
c:\users\11794\desktop\学生成绩管理系统\学生成绩管理系统（3\学生成绩管理系统\学生成绩管理系统\student.cpp(163): warning C4018: “<”: 有符号/无符号不匹配
c:\users\11794\desktop\学生成绩管理系统\学生成绩管理系统（3\学生成绩管理系统\学生成绩管理系统\student.cpp(171): warning C4018: “<”: 有符号/无符号不匹配
c:\users\11794\desktop\学生成绩管理系统\学生成绩管理系统（3\学生成绩管理系统\学生成绩管理系统\student.cpp(172): warning C4018: “<”: 有符号/无符号不匹配
c:\users\11794\desktop\学生成绩管理系统\学生成绩管理系统（3\学生成绩管理系统\学生成绩管理系统\student.cpp(170): warning C4101: “k”: 未引用的局部变量
c:\users\11794\desktop\学生成绩管理系统\学生成绩管理系统（3\学生成绩管理系统\学生成绩管理系统\student.cpp(248): warning C4018: “<”: 有符号/无符号不匹配
c:\users\11794\desktop\学生成绩管理系统\学生成绩管理系统（3\学生成绩管理系统\学生成绩管理系统\student.cpp(241): warning C4101: “j”: 未引用的局部变量
c:\users\11794\desktop\学生成绩管理系统\学生成绩管理系统（3\学生成绩管理系统\学生成绩管理系统\student.cpp(241): warning C4101: “i”: 未引用的局部变量
c:\users\11794\desktop\学生成绩管理系统\学生成绩管理系统（3\学生成绩管理系统\学生成绩管理系统\student.cpp(285): warning C4018: “<”: 有符号/无符号不匹配
c:\users\11794\desktop\学生成绩管理系统\学生成绩管理系统（3\学生成绩管理系统\学生成绩管理系统\student.cpp(314): warning C4018: “<”: 有符号/无符号不匹配
c:\users\11794\desktop\学生成绩管理系统\学生成绩管理系统（3\学生成绩管理系统\学生成绩管理系统\student.cpp(315): warning C4018: “<”: 有符号/无符号不匹配
c:\users\11794\desktop\学生成绩管理系统\学生成绩管理系统（3\学生成绩管理系统\学生成绩管理系统\student.cpp(317): warning C4018: “<”: 有符号/无符号不匹配
c:\users\11794\desktop\学生成绩管理系统\学生成绩管理系统（3\学生成绩管理系统\学生成绩管理系统\student.cpp(348): warning C4018: “<”: 有符号/无符号不匹配
c:\users\11794\desktop\学生成绩管理系统\学生成绩管理系统（3\学生成绩管理系统\学生成绩管理系统\student.cpp(363): warning C4018: “<”: 有符号/无符号不匹配
c:\users\11794\desktop\学生成绩管理系统\学生成绩管理系统（3\学生成绩管理系统\学生成绩管理系统\student.cpp(472): warning C4018: “<”: 有符号/无符号不匹配
c:\users\11794\desktop\学生成绩管理系统\学生成绩管理系统（3\学生成绩管理系统\学生成绩管理系统\student.cpp(487): warning C4018: “<”: 有符号/无符号不匹配
c:\users\11794\desktop\学生成绩管理系统\学生成绩管理系统（3\学生成绩管理系统\学生成绩管理系统\student.cpp(514): warning C4018: “<”: 有符号/无符号不匹配
c:\users\11794\desktop\学生成绩管理系统\学生成绩管理系统（3\学生成绩管理系统\学生成绩管理系统\student.cpp(528): warning C4018: “<”: 有符号/无符号不匹配
c:\users\11794\desktop\学生成绩管理系统\学生成绩管理系统（3\学生成绩管理系统\学生成绩管理系统\student.cpp(618): warning C4018: “<”: 有符号/无符号不匹配
c:\users\11794\desktop\学生成绩管理系统\学生成绩管理系统（3\学生成绩管理系统\学生成绩管理系统\student.cpp(652): warning C4018: “<”: 有符号/无符号不匹配
c:\users\11794\desktop\学生成绩管理系统\学生成绩管理系统（3\学生成绩管理系统\学生成绩管理系统\student.cpp(699): warning C4018: “<”: 有符号/无符号不匹配
c:\users\11794\desktop\学生成绩管理系统\学生成绩管理系统（3\学生成绩管理系统\学生成绩管理系统\student.cpp(746): warning C4018: “<”: 有符号/无符号不匹配
c:\users\11794\desktop\学生成绩管理系统\学生成绩管理系统（3\学生成绩管理系统\学生成绩管理系统\student.cpp(756): warning C4018: “<”: 有符号/无符号不匹配
c:\users\11794\desktop\学生成绩管理系统\学生成绩管理系统（3\学生成绩管理系统\学生成绩管理系统\student.cpp(757): warning C4018: “<”: 有符号/无符号不匹配
c:\users\11794\desktop\学生成绩管理系统\学生成绩管理系统（3\学生成绩管理系统\学生成绩管理系统\student.cpp(820): warning C4018: “<”: 有符号/无符号不匹配
c:\users\11794\desktop\学生成绩管理系统\学生成绩管理系统（3\学生成绩管理系统\学生成绩管理系统\student.cpp(852): warning C4018: “<”: 有符号/无符号不匹配
c:\users\11794\desktop\学生成绩管理系统\学生成绩管理系统（3\学生成绩管理系统\学生成绩管理系统\student.cpp(859): warning C4018: “<”: 有符号/无符号不匹配
c:\users\11794\desktop\学生成绩管理系统\学生成绩管理系统（3\学生成绩管理系统\学生成绩管理系统\student.cpp(928): warning C4018: “<”: 有符号/无符号不匹配
c:\users\11794\desktop\学生成绩管理系统\学生成绩管理系统（3\学生成绩管理系统\学生成绩管理系统\student.cpp(937): warning C4018: “<”: 有符号/无符号不匹配
c:\users\11794\desktop\学生成绩管理系统\学生成绩管理系统（3\学生成绩管理系统\学生成绩管理系统\student.cpp(938): warning C4018: “<”: 有符号/无符号不匹配
c:\users\11794\desktop\学生成绩管理系统\学生成绩管理系统（3\学生成绩管理系统\学生成绩管理系统\student.cpp(950): warning C4018: “<”: 有符号/无符号不匹配
c:\users\11794\desktop\学生成绩管理系统\学生成绩管理系统（3\学生成绩管理系统\学生成绩管理系统\student.cpp(951): warning C4018: “<”: 有符号/无符号不匹配
c:\users\11794\desktop\学生成绩管理系统\学生成绩管理系统（3\学生成绩管理系统\学生成绩管理系统\student.cpp(995): warning C4018: “<”: 有符号/无符号不匹配
c:\users\11794\desktop\学生成绩管理系统\学生成绩管理系统（3\学生成绩管理系统\学生成绩管理系统\student.cpp(1002): warning C4018: “<”: 有符号/无符号不匹配
  main.cpp
c:\users\11794\desktop\学生成绩管理系统\学生成绩管理系统（3\学生成绩管理系统\学生成绩管理系统\main.cpp(88): warning C4996: 'inet_ntoa': Use inet_ntop() or InetNtop() instead or define _WINSOCK_DEPRECATED_NO_WARNINGS to disable deprecated API warnings
  c:\program files (x86)\windows kits\10\include\10.0.14393.0\um\winsock2.h(1846): note: 参见“inet_ntoa”的声明
  course.cpp
c:\users\11794\desktop\学生成绩管理系统\学生成绩管理系统（3\学生成绩管理系统\学生成绩管理系统\course.cpp(111): warning C4018: “<”: 有符号/无符号不匹配
c:\users\11794\desktop\学生成绩管理系统\学生成绩管理系统（3\学生成绩管理系统\学生成绩管理系统\course.cpp(185): warning C4018: “<”: 有符号/无符号不匹配
  正在生成代码...
  学生成绩管理系统.vcxproj -> C:\Users\11794\Desktop\学生成绩管理系统\学生成绩管理系统（3\学生成绩管理系统\Debug\学生成绩管理系统.exe
  学生成绩管理系统.vcxproj -> C:\Users\11794\Desktop\学生成绩管理系统\学生成绩管理系统（3\学生成绩管理系统\Debug\学生成绩管理系统.pdb (Partial PDB)
